<?xml version="1.0" encoding="UTF-8"?>
<!-- Generated by org.testng.reporters.JUnitReportReporter -->
<testsuite hostname="vivobook" failures="0" tests="2" name="com.qa.testcases.LoginPagetest" time="26.313" errors="0" timestamp="2022-01-08T14:26:07 IST" skipped="0">
  <testcase classname="com.qa.testcases.LoginPagetest" name="LoginPageTitlePageTest" time="12.763"/>
  <system-out/>
  <testcase classname="com.qa.testcases.LoginPagetest" name="loginTest" time="13.550"/>
  <system-out/>
</testsuite> <!-- com.qa.testcases.LoginPagetest -->
